<?xml version="1.0" encoding="UTF-8"?>
<!-- Generated by org.testng.reporters.JUnitReportReporter -->
<testsuite hostname="AayushComputers" failures="0" tests="6" name="testPackage.TestClassConcept" time="0.090" errors="0" timestamp="2022-09-09T16:37:14 IST" skipped="0">
  <testcase classname="testPackage.TestClassConcept" name="testE" time="0.008"/>
  <system-out/>
  <testcase classname="testPackage.TestClassConcept" name="testA" time="0.025"/>
  <system-out/>
  <testcase classname="testPackage.TestClassConcept" name="testE" time="0.024"/>
  <system-out/>
  <testcase classname="testPackage.TestClassConcept" name="testE" time="0.008"/>
  <system-out/>
  <testcase classname="testPackage.TestClassConcept" name="testD" time="0.007"/>
  <system-out/>
  <testcase classname="testPackage.TestClassConcept" name="testC" time="0.018"/>
  <system-out/>
</testsuite> <!-- testPackage.TestClassConcept -->
